f:\documents\大学资料\2020-2021_第02学期\课程资料\嵌入式软件开发\三级项目\俄罗斯方块\俄罗斯方块vs\debug\vc142.pdb
f:\documents\大学资料\2020-2021_第02学期\课程资料\嵌入式软件开发\三级项目\俄罗斯方块\俄罗斯方块vs\debug\vc142.idb
f:\documents\大学资料\2020-2021_第02学期\课程资料\嵌入式软件开发\三级项目\俄罗斯方块\俄罗斯方块vs\debug\main.obj
f:\documents\大学资料\2020-2021_第02学期\课程资料\嵌入式软件开发\三级项目\俄罗斯方块\俄罗斯方块vs\debug\gui.obj
f:\documents\大学资料\2020-2021_第02学期\课程资料\嵌入式软件开发\三级项目\俄罗斯方块\俄罗斯方块vs\debug\groupz.obj
f:\documents\大学资料\2020-2021_第02学期\课程资料\嵌入式软件开发\三级项目\俄罗斯方块\俄罗斯方块vs\debug\groupwell.obj
f:\documents\大学资料\2020-2021_第02学期\课程资料\嵌入式软件开发\三级项目\俄罗斯方块\俄罗斯方块vs\debug\groupt.obj
f:\documents\大学资料\2020-2021_第02学期\课程资料\嵌入式软件开发\三级项目\俄罗斯方块\俄罗斯方块vs\debug\grouprevz.obj
f:\documents\大学资料\2020-2021_第02学期\课程资料\嵌入式软件开发\三级项目\俄罗斯方块\俄罗斯方块vs\debug\grouprevl.obj
f:\documents\大学资料\2020-2021_第02学期\课程资料\嵌入式软件开发\三级项目\俄罗斯方块\俄罗斯方块vs\debug\groupline.obj
f:\documents\大学资料\2020-2021_第02学期\课程资料\嵌入式软件开发\三级项目\俄罗斯方块\俄罗斯方块vs\debug\groupl.obj
f:\documents\大学资料\2020-2021_第02学期\课程资料\嵌入式软件开发\三级项目\俄罗斯方块\俄罗斯方块vs\debug\group.obj
f:\documents\大学资料\2020-2021_第02学期\课程资料\嵌入式软件开发\三级项目\俄罗斯方块\俄罗斯方块vs\debug\gameboard.obj
f:\documents\大学资料\2020-2021_第02学期\课程资料\嵌入式软件开发\三级项目\俄罗斯方块\俄罗斯方块vs\debug\game.obj
f:\documents\大学资料\2020-2021_第02学期\课程资料\嵌入式软件开发\三级项目\俄罗斯方块\俄罗斯方块vs\debug\block.obj
f:\documents\大学资料\2020-2021_第02学期\课程资料\嵌入式软件开发\三级项目\俄罗斯方块\俄罗斯方块vs\debug\俄罗斯方块.exe
f:\documents\大学资料\2020-2021_第02学期\课程资料\嵌入式软件开发\三级项目\俄罗斯方块\俄罗斯方块vs\debug\俄罗斯方块.ilk
f:\documents\大学资料\2020-2021_第02学期\课程资料\嵌入式软件开发\三级项目\俄罗斯方块\俄罗斯方块vs\debug\俄罗斯方块.pdb
f:\documents\大学资料\2020-2021_第02学期\课程资料\嵌入式软件开发\三级项目\俄罗斯方块\俄罗斯方块vs\debug\俄罗斯方块.tlog\cl.command.1.tlog
f:\documents\大学资料\2020-2021_第02学期\课程资料\嵌入式软件开发\三级项目\俄罗斯方块\俄罗斯方块vs\debug\俄罗斯方块.tlog\cl.read.1.tlog
f:\documents\大学资料\2020-2021_第02学期\课程资料\嵌入式软件开发\三级项目\俄罗斯方块\俄罗斯方块vs\debug\俄罗斯方块.tlog\cl.write.1.tlog
f:\documents\大学资料\2020-2021_第02学期\课程资料\嵌入式软件开发\三级项目\俄罗斯方块\俄罗斯方块vs\debug\俄罗斯方块.tlog\link.command.1.tlog
f:\documents\大学资料\2020-2021_第02学期\课程资料\嵌入式软件开发\三级项目\俄罗斯方块\俄罗斯方块vs\debug\俄罗斯方块.tlog\link.read.1.tlog
f:\documents\大学资料\2020-2021_第02学期\课程资料\嵌入式软件开发\三级项目\俄罗斯方块\俄罗斯方块vs\debug\俄罗斯方块.tlog\link.write.1.tlog
